#
# There is insufficient memory for the Java Runtime Environment to continue.
# Native memory allocation (mmap) failed to map 81788928 bytes for committing reserved memory.
# Possible reasons:
#   The system is out of physical RAM or swap space
#   In 32 bit mode, the process size limit was hit
# Possible solutions:
#   Reduce memory load on the system
#   Increase physical memory or swap space
#   Check if swap backing store is full
#   Use 64 bit Java on a 64 bit OS
#   Decrease Java heap size (-Xmx/-Xms)
#   Decrease number of Java threads
#   Decrease Java thread stack sizes (-Xss)
#   Set larger code cache with -XX:ReservedCodeCacheSize=
# This output file may be truncated or incomplete.
#
#  Out of Memory Error (os_linux.cpp:2640), pid=6283, tid=0x00007f8917bfb700
#
# JRE version: Java(TM) SE Runtime Environment (8.0_181-b13) (build 1.8.0_181-b13)
# Java VM: Java HotSpot(TM) 64-Bit Server VM (25.181-b13 mixed mode linux-amd64 compressed oops)
# Failed to write core dump. Core dumps have been disabled. To enable core dumping, try "ulimit -c unlimited" before starting Java again
#

---------------  T H R E A D  ---------------

Current thread (0x00007f8930075800):  VMThread [stack: 0x00007f8917afc000,0x00007f8917bfc000] [id=6308]

Stack: [0x00007f8917afc000,0x00007f8917bfc000],  sp=0x00007f8917bfa290,  free space=1016k
Native frames: (J=compiled Java code, j=interpreted, Vv=VM code, C=native code)
V  [libjvm.so+0xad21aa]  VMError::report_and_die()+0x2ba
V  [libjvm.so+0x5022db]  report_vm_out_of_memory(char const*, int, unsigned long, VMErrorType, char const*)+0x8b
V  [libjvm.so+0x92fe33]  os::Linux::commit_memory_impl(char*, unsigned long, bool)+0x123
V  [libjvm.so+0x930059]  os::pd_commit_memory(char*, unsigned long, unsigned long, bool)+0x29
V  [libjvm.so+0x9272ba]  os::commit_memory(char*, unsigned long, unsigned long, bool)+0x2a
V  [libjvm.so+0x99d2e3]  PSVirtualSpace::expand_by(unsigned long)+0x53
V  [libjvm.so+0x99e6e8]  PSYoungGen::resize_generation(unsigned long, unsigned long)+0xf8
V  [libjvm.so+0x99d842]  PSYoungGen::resize(unsigned long, unsigned long)+0x22
V  [libjvm.so+0x99ab1b]  PSScavenge::invoke_no_policy()+0xf3b
V  [libjvm.so+0x995dc5]  PSParallelCompact::invoke(bool)+0x85
V  [libjvm.so+0xad3d68]  VM_ParallelGCSystemGC::doit()+0xa8
V  [libjvm.so+0xadb745]  VM_Operation::evaluate()+0x55
V  [libjvm.so+0xad9b0a]  VMThread::evaluate_operation(VM_Operation*)+0xba
V  [libjvm.so+0xad9e8e]  VMThread::loop()+0x1ce
V  [libjvm.so+0xada300]  VMThread::run()+0x70
V  [libjvm.so+0x930198]  java_start(Thread*)+0x108

VM_Operation (0x00007f89376077e0): ParallelGCSystemGC, mode: safepoint, requested by thread 0x00007f893000b000


---------------  P R O C E S S  ---------------

Java Threads: ( => current thread )
  0x00007f89300cf000 JavaThread "Service Thread" daemon [_thread_blocked, id=6314, stack(0x00007f8916b26000,0x00007f8916c27000)]
  0x00007f89300ba000 JavaThread "C1 CompilerThread1" daemon [_thread_blocked, id=6313, stack(0x00007f8916c28000,0x00007f8916d28000)]
  0x00007f89300b7000 JavaThread "C2 CompilerThread0" daemon [_thread_blocked, id=6312, stack(0x00007f8916d29000,0x00007f8916e29000)]
  0x00007f89300b5800 JavaThread "Signal Dispatcher" daemon [_thread_blocked, id=6311, stack(0x00007f8916e29000,0x00007f8916f2a000)]
  0x00007f8930081800 JavaThread "Finalizer" daemon [_thread_blocked, id=6310, stack(0x00007f89178f9000,0x00007f89179fa000)]
  0x00007f893007f000 JavaThread "Reference Handler" daemon [_thread_blocked, id=6309, stack(0x00007f89179fa000,0x00007f8917afb000)]
  0x00007f893000b000 JavaThread "main" [_thread_blocked, id=6305, stack(0x00007f893750a000,0x00007f893760a000)]

Other Threads:
=>0x00007f8930075800 VMThread [stack: 0x00007f8917afc000,0x00007f8917bfc000] [id=6308]
  0x00007f89300d4000 WatcherThread [stack: 0x00007f8916a26000,0x00007f8916b26000] [id=6315]

VM state:at safepoint (normal execution)

VM Mutex/Monitor currently owned by a thread:  ([mutex/lock_event])
[0x00007f8930007bb0] Threads_lock - owner thread: 0x00007f8930075800
[0x00007f89300080b0] Heap_lock - owner thread: 0x00007f893000b000

Heap:
 PSYoungGen      total 134656K, used 5759K [0x00000000d7700000, 0x00000000e0a00000, 0x0000000100000000)
  eden space 121856K, 0% used [0x00000000d7700000,0x00000000d7700000,0x00000000dee00000)
  from space 12800K, 44% used [0x00000000dee00000,0x00000000df39fcb0,0x00000000dfa80000)
  to   space 9728K, 0% used [0x00000000dfa80000,0x00000000dfa80000,0x00000000e0400000)
 ParOldGen       total 64000K, used 17737K [0x0000000086400000, 0x000000008a280000, 0x00000000d7700000)
  object space 64000K, 27% used [0x0000000086400000,0x00000000875524b8,0x000000008a280000)
 Metaspace       used 25041K, capacity 25652K, committed 25984K, reserved 1073152K
  class space    used 2723K, capacity 2825K, committed 2944K, reserved 1048576K

Card table byte_map: [0x00007f8920c31000,0x00007f8921000000] byte_map_base: 0x00007f89207ff000

Marking Bits: (ParMarkBitMap*) 0x00007f89369a20a0
 Begin Bits: [0x00007f891cbc6000, 0x00007f891ea36000)
 End Bits:   [0x00007f891ea36000, 0x00007f89208a6000)

Polling page: 0x00007f893761f000

CodeCache: size=245760Kb used=10239Kb max_used=11662Kb free=235521Kb
 bounds [0x00007f8921000000, 0x00007f8921b70000, 0x00007f8930000000]
 total_blobs=3723 nmethods=3327 adapters=309
 compilation: enabled

Compilation events (10 events):
Event: 170,979 Thread 0x00007f89300b7000 3835       4       org.eclipse.jdt.internal.compiler.util.Util::effectivelyEqual (73 bytes)
Event: 171,575 Thread 0x00007f89300ba000 nmethod 3885 0x00007f89216257d0 code [0x00007f8921625940, 0x00007f8921625b30]
Event: 171,690 Thread 0x00007f89300ba000 3870       1       org.eclipse.jdt.internal.compiler.lookup.MethodBinding::isPolymorphic (2 bytes)
Event: 171,776 Thread 0x00007f89300ba000 nmethod 3870 0x00007f8921625510 code [0x00007f8921625660, 0x00007f8921625770]
Event: 171,869 Thread 0x00007f89300b7000 nmethod 3835 0x00007f89216251d0 code [0x00007f8921625320, 0x00007f8921625418]
Event: 172,054 Thread 0x00007f89300b7000 3758       4       org.eclipse.jdt.internal.compiler.util.HashtableOfPackage::get (68 bytes)
Event: 172,073 Thread 0x00007f89300ba000 3886       3       java.util.regex.Pattern$Curly::match (86 bytes)
Event: 172,088 Thread 0x00007f89300ba000 nmethod 3886 0x00007f8921474c10 code [0x00007f8921474dc0, 0x00007f89214753d8]
Event: 172,102 Thread 0x00007f89300ba000 3889       2       sun.nio.cs.UTF_8::updatePositions (23 bytes)
Event: 172,103 Thread 0x00007f89300ba000 nmethod 3889 0x00007f89216807d0 code [0x00007f8921680960, 0x00007f8921680b38]

GC Heap History (10 events):
Event: 2,286 GC heap after
Heap after GC invocations=3 (full 0):
 PSYoungGen      total 36352K, used 5098K [0x00000000d7700000, 0x00000000dbe00000, 0x0000000100000000)
  eden space 31232K, 0% used [0x00000000d7700000,0x00000000d7700000,0x00000000d9580000)
  from space 5120K, 99% used [0x00000000d9580000,0x00000000d9a7aa68,0x00000000d9a80000)
  to   space 5120K, 0% used [0x00000000db900000,0x00000000db900000,0x00000000dbe00000)
 ParOldGen       total 83456K, used 2625K [0x0000000086400000, 0x000000008b580000, 0x00000000d7700000)
  object space 83456K, 3% used [0x0000000086400000,0x00000000866904c0,0x000000008b580000)
 Metaspace       used 14918K, capacity 15108K, committed 15360K, reserved 1062912K
  class space    used 1853K, capacity 1934K, committed 2048K, reserved 1048576K
}
Event: 2,889 GC heap before
{Heap before GC invocations=4 (full 0):
 PSYoungGen      total 36352K, used 36330K [0x00000000d7700000, 0x00000000dbe00000, 0x0000000100000000)
  eden space 31232K, 100% used [0x00000000d7700000,0x00000000d9580000,0x00000000d9580000)
  from space 5120K, 99% used [0x00000000d9580000,0x00000000d9a7aa68,0x00000000d9a80000)
  to   space 5120K, 0% used [0x00000000db900000,0x00000000db900000,0x00000000dbe00000)
 ParOldGen       total 83456K, used 2625K [0x0000000086400000, 0x000000008b580000, 0x00000000d7700000)
  object space 83456K, 3% used [0x0000000086400000,0x00000000866904c0,0x000000008b580000)
 Metaspace       used 16525K, capacity 16752K, committed 17024K, reserved 1064960K
  class space    used 1999K, capacity 2070K, committed 2176K, reserved 1048576K
Event: 2,899 GC heap after
Heap after GC invocations=4 (full 0):
 PSYoungGen      total 67584K, used 5088K [0x00000000d7700000, 0x00000000dbe00000, 0x0000000100000000)
  eden space 62464K, 0% used [0x00000000d7700000,0x00000000d7700000,0x00000000db400000)
  from space 5120K, 99% used [0x00000000db900000,0x00000000dbdf8020,0x00000000dbe00000)
  to   space 5120K, 0% used [0x00000000db400000,0x00000000db400000,0x00000000db900000)
 ParOldGen       total 83456K, used 4733K [0x0000000086400000, 0x000000008b580000, 0x00000000d7700000)
  object space 83456K, 5% used [0x0000000086400000,0x000000008689f6a0,0x000000008b580000)
 Metaspace       used 16525K, capacity 16752K, committed 17024K, reserved 1064960K
  class space    used 1999K, capacity 2070K, committed 2176K, reserved 1048576K
}
Event: 4,054 GC heap before
{Heap before GC invocations=5 (full 0):
 PSYoungGen      total 67584K, used 67552K [0x00000000d7700000, 0x00000000dbe00000, 0x0000000100000000)
  eden space 62464K, 100% used [0x00000000d7700000,0x00000000db400000,0x00000000db400000)
  from space 5120K, 99% used [0x00000000db900000,0x00000000dbdf8020,0x00000000dbe00000)
  to   space 5120K, 0% used [0x00000000db400000,0x00000000db400000,0x00000000db900000)
 ParOldGen       total 83456K, used 4733K [0x0000000086400000, 0x000000008b580000, 0x00000000d7700000)
  object space 83456K, 5% used [0x0000000086400000,0x000000008689f6a0,0x000000008b580000)
 Metaspace       used 17868K, capacity 18346K, committed 18688K, reserved 1064960K
  class space    used 2120K, capacity 2228K, committed 2304K, reserved 1048576K
Event: 4,138 GC heap after
Heap after GC invocations=5 (full 0):
 PSYoungGen      total 67584K, used 5104K [0x00000000d7700000, 0x00000000e0400000, 0x0000000100000000)
  eden space 62464K, 0% used [0x00000000d7700000,0x00000000d7700000,0x00000000db400000)
  from space 5120K, 99% used [0x00000000db400000,0x00000000db8fc010,0x00000000db900000)
  to   space 9728K, 0% used [0x00000000dfa80000,0x00000000dfa80000,0x00000000e0400000)
 ParOldGen       total 83456K, used 8404K [0x0000000086400000, 0x000000008b580000, 0x00000000d7700000)
  object space 83456K, 10% used [0x0000000086400000,0x0000000086c353b0,0x000000008b580000)
 Metaspace       used 17868K, capacity 18346K, committed 18688K, reserved 1064960K
  class space    used 2120K, capacity 2228K, committed 2304K, reserved 1048576K
}
Event: 6,639 GC heap before
{Heap before GC invocations=6 (full 0):
 PSYoungGen      total 67584K, used 63093K [0x00000000d7700000, 0x00000000e0400000, 0x0000000100000000)
  eden space 62464K, 92% used [0x00000000d7700000,0x00000000dafa1590,0x00000000db400000)
  from space 5120K, 99% used [0x00000000db400000,0x00000000db8fc010,0x00000000db900000)
  to   space 9728K, 0% used [0x00000000dfa80000,0x00000000dfa80000,0x00000000e0400000)
 ParOldGen       total 83456K, used 8404K [0x0000000086400000, 0x000000008b580000, 0x00000000d7700000)
  object space 83456K, 10% used [0x0000000086400000,0x0000000086c353b0,0x000000008b580000)
 Metaspace       used 20628K, capacity 21202K, committed 21296K, reserved 1069056K
  class space    used 2327K, capacity 2431K, committed 2432K, reserved 1048576K
Event: 7,075 GC heap after
Heap after GC invocations=6 (full 0):
 PSYoungGen      total 131584K, used 9712K [0x00000000d7700000, 0x00000000e0a00000, 0x0000000100000000)
  eden space 121856K, 0% used [0x00000000d7700000,0x00000000d7700000,0x00000000dee00000)
  from space 9728K, 99% used [0x00000000dfa80000,0x00000000e03fc030,0x00000000e0400000)
  to   space 12800K, 0% used [0x00000000dee00000,0x00000000dee00000,0x00000000dfa80000)
 ParOldGen       total 83456K, used 11250K [0x0000000086400000, 0x000000008b580000, 0x00000000d7700000)
  object space 83456K, 13% used [0x0000000086400000,0x0000000086efcb08,0x000000008b580000)
 Metaspace       used 20628K, capacity 21202K, committed 21296K, reserved 1069056K
  class space    used 2327K, capacity 2431K, committed 2432K, reserved 1048576K
}
Event: 7,079 GC heap before
{Heap before GC invocations=7 (full 1):
 PSYoungGen      total 131584K, used 9712K [0x00000000d7700000, 0x00000000e0a00000, 0x0000000100000000)
  eden space 121856K, 0% used [0x00000000d7700000,0x00000000d7700000,0x00000000dee00000)
  from space 9728K, 99% used [0x00000000dfa80000,0x00000000e03fc030,0x00000000e0400000)
  to   space 12800K, 0% used [0x00000000dee00000,0x00000000dee00000,0x00000000dfa80000)
 ParOldGen       total 83456K, used 11250K [0x0000000086400000, 0x000000008b580000, 0x00000000d7700000)
  object space 83456K, 13% used [0x0000000086400000,0x0000000086efcb08,0x000000008b580000)
 Metaspace       used 20628K, capacity 21202K, committed 21296K, reserved 1069056K
  class space    used 2327K, capacity 2431K, committed 2432K, reserved 1048576K
Event: 7,215 GC heap after
Heap after GC invocations=7 (full 1):
 PSYoungGen      total 131584K, used 0K [0x00000000d7700000, 0x00000000e0a00000, 0x0000000100000000)
  eden space 121856K, 0% used [0x00000000d7700000,0x00000000d7700000,0x00000000dee00000)
  from space 9728K, 0% used [0x00000000dfa80000,0x00000000dfa80000,0x00000000e0400000)
  to   space 12800K, 0% used [0x00000000dee00000,0x00000000dee00000,0x00000000dfa80000)
 ParOldGen       total 64000K, used 17737K [0x0000000086400000, 0x000000008a280000, 0x00000000d7700000)
  object space 64000K, 27% used [0x0000000086400000,0x00000000875524b8,0x000000008a280000)
 Metaspace       used 20628K, capacity 21202K, committed 21296K, reserved 1069056K
  class space    used 2327K, capacity 2431K, committed 2432K, reserved 1048576K
}
Event: 172,164 GC heap before
{Heap before GC invocations=8 (full 1):
 PSYoungGen      total 131584K, used 76048K [0x00000000d7700000, 0x00000000e0a00000, 0x0000000100000000)
  eden space 121856K, 62% used [0x00000000d7700000,0x00000000dc144188,0x00000000dee00000)
  from space 9728K, 0% used [0x00000000dfa80000,0x00000000dfa80000,0x00000000e0400000)
  to   space 12800K, 0% used [0x00000000dee00000,0x00000000dee00000,0x00000000dfa80000)
 ParOldGen       total 64000K, used 17737K [0x0000000086400000, 0x000000008a280000, 0x00000000d7700000)
  object space 64000K, 27% used [0x0000000086400000,0x00000000875524b8,0x000000008a280000)
 Metaspace       used 25041K, capacity 25652K, committed 25984K, reserved 1073152K
  class space    used 2723K, capacity 2825K, committed 2944K, reserved 1048576K

Deoptimization events (10 events):
Event: 167,118 Thread 0x00007f89303e5800 Uncommon trap: reason=unstable_if action=reinterpret pc=0x00007f89213574f0 method=java.util.HashMap.hash(Ljava/lang/Object;)I @ 1
Event: 168,253 Thread 0x00007f89303e5800 Uncommon trap: reason=bimorphic action=maybe_recompile pc=0x00007f8921a4cc94 method=java.util.Hashtable.put(Ljava/lang/Object;Ljava/lang/Object;)Ljava/lang/Object; @ 18
Event: 168,257 Thread 0x00007f89303e5800 Uncommon trap: reason=unstable_if action=reinterpret pc=0x00007f892193780c method=java.util.Hashtable$Enumerator.nextElement()Ljava/lang/Object; @ 87
Event: 168,262 Thread 0x00007f893000b000 Uncommon trap: reason=unstable_if action=reinterpret pc=0x00007f8921863364 method=java.util.Hashtable$Enumerator.nextElement()Ljava/lang/Object; @ 87
Event: 168,305 Thread 0x00007f89303e5800 Uncommon trap: reason=unstable_if action=reinterpret pc=0x00007f89212307a0 method=sun.net.www.ParseUtil.encodePath(Ljava/lang/String;Z)Ljava/lang/String; @ 109
Event: 169,048 Thread 0x00007f89303e5800 Uncommon trap: reason=bimorphic action=maybe_recompile pc=0x00007f8921a4cc94 method=java.util.Hashtable.put(Ljava/lang/Object;Ljava/lang/Object;)Ljava/lang/Object; @ 18
Event: 169,049 Thread 0x00007f89303e5800 Uncommon trap: reason=bimorphic action=maybe_recompile pc=0x00007f8921a4cc94 method=java.util.Hashtable.put(Ljava/lang/Object;Ljava/lang/Object;)Ljava/lang/Object; @ 18
Event: 169,348 Thread 0x00007f89303e5800 Uncommon trap: reason=bimorphic action=maybe_recompile pc=0x00007f8921a4cc94 method=java.util.Hashtable.put(Ljava/lang/Object;Ljava/lang/Object;)Ljava/lang/Object; @ 18
Event: 172,070 Thread 0x00007f893000b000 Uncommon trap: reason=unstable_if action=reinterpret pc=0x00007f89218cf674 method=java.util.regex.Pattern$Curly.match(Ljava/util/regex/Matcher;ILjava/lang/CharSequence;)Z @ 45
Event: 172,127 Thread 0x00007f893000b000 Uncommon trap: reason=bimorphic action=maybe_recompile pc=0x00007f89216acd24 method=java.util.regex.Pattern$CharProperty.match(Ljava/util/regex/Matcher;ILjava/lang/CharSequence;)Z @ 37

Classes redefined (0 events):
No events

Internal exceptions (10 events):
Event: 3,252 Thread 0x00007f893000b000 Implicit null exception at 0x00007f8921867915 to 0x00007f89218681f5
Event: 5,999 Thread 0x00007f893000b000 Implicit null exception at 0x00007f8921246475 to 0x00007f8921246811
Event: 6,473 Thread 0x00007f893000b000 Exception <a 'java/io/FileNotFoundException'> (0x00000000dabb1898) thrown at [/HUDSON/workspace/8-2-build-linux-amd64/jdk8u181/11358/hotspot/src/share/vm/prims/jni.cpp, line 709]
Event: 21,300 Thread 0x00007f893000b000 Exception <a 'java/lang/ArrayIndexOutOfBoundsException': 1639> (0x00000000d82f8d18) thrown at [/HUDSON/workspace/8-2-build-linux-amd64/jdk8u181/11358/hotspot/src/share/vm/interpreter/interpreterRuntime.cpp, line 366]
Event: 21,560 Thread 0x00007f893000b000 Exception <a 'java/lang/ArrayIndexOutOfBoundsException': 3982> (0x00000000da9d2168) thrown at [/HUDSON/workspace/8-2-build-linux-amd64/jdk8u181/11358/hotspot/src/share/vm/interpreter/interpreterRuntime.cpp, line 366]
Event: 21,564 Thread 0x00007f893000b000 Exception <a 'java/lang/ArrayIndexOutOfBoundsException': 1398> (0x00000000da9db948) thrown at [/HUDSON/workspace/8-2-build-linux-amd64/jdk8u181/11358/hotspot/src/share/vm/interpreter/interpreterRuntime.cpp, line 366]
Event: 21,567 Thread 0x00007f893000b000 Exception <a 'java/lang/ArrayIndexOutOfBoundsException': 3176> (0x00000000da9e6840) thrown at [/HUDSON/workspace/8-2-build-linux-amd64/jdk8u181/11358/hotspot/src/share/vm/interpreter/interpreterRuntime.cpp, line 366]
Event: 21,568 Thread 0x00007f893000b000 Exception <a 'java/lang/ArrayIndexOutOfBoundsException': 5547> (0x00000000da9f3ef8) thrown at [/HUDSON/workspace/8-2-build-linux-amd64/jdk8u181/11358/hotspot/src/share/vm/interpreter/interpreterRuntime.cpp, line 366]
Event: 158,161 Thread 0x00007f89303e5800 Implicit null exception at 0x00007f8921b6155f to 0x00007f8921b61b3d
Event: 167,115 Thread 0x00007f89303e5800 Implicit null exception at 0x00007f892135703b to 0x00007f89213574d5

Events (10 events):
Event: 172,093 loading class org/apache/maven/shared/utils/io/DirectoryScanResult
Event: 172,093 loading class org/apache/maven/shared/utils/io/DirectoryScanResult done
Event: 172,099 loading class org/apache/maven/shared/utils/io/IOUtil
Event: 172,099 loading class org/apache/maven/shared/utils/io/IOUtil done
Event: 172,099 loading class org/apache/maven/shared/utils/io/IOUtil
Event: 172,099 loading class org/apache/maven/shared/utils/io/IOUtil done
Event: 172,123 Thread 0x00007f893000b000 Uncommon trap: trap_request=0xffffffc6 fr.pc=0x00007f89216acd24
Event: 172,129 Thread 0x00007f893000b000 DEOPT PACKING pc=0x00007f89216acd24 sp=0x00007f8937606cf0
Event: 172,129 Thread 0x00007f893000b000 DEOPT UNPACKING pc=0x00007f892104573a sp=0x00007f8937606ca8 mode 2
Event: 172,160 Executing VM operation: ParallelGCSystemGC


Dynamic libraries:
00400000-00401000 r-xp 00000000 08:01 1208380                            /usr/lib/jvm/java-8-oracle/bin/java
00600000-00601000 rw-p 00000000 08:01 1208380                            /usr/lib/jvm/java-8-oracle/bin/java
015be000-015df000 rw-p 00000000 00:00 0                                  [heap]
86400000-8a280000 rw-p 00000000 00:00 0 
8a280000-d7700000 ---p 00000000 00:00 0 
d7700000-e0a00000 rw-p 00000000 00:00 0 
e5800000-100000000 ---p 00000000 00:00 0 
100000000-1002e0000 rw-p 00000000 00:00 0 
1002e0000-140000000 ---p 00000000 00:00 0 
7f88e4000000-7f88e4073000 rw-p 00000000 00:00 0 
7f88e4073000-7f88e8000000 ---p 00000000 00:00 0 
7f88ec000000-7f88ec021000 rw-p 00000000 00:00 0 
7f88ec021000-7f88f0000000 ---p 00000000 00:00 0 
7f88f0000000-7f88f0021000 rw-p 00000000 00:00 0 
7f88f0021000-7f88f4000000 ---p 00000000 00:00 0 
7f88f4000000-7f88f51a7000 rw-p 00000000 00:00 0 
7f88f51a7000-7f88f8000000 ---p 00000000 00:00 0 
7f88f8000000-7f88f8f78000 rw-p 00000000 00:00 0 
7f88f8f78000-7f88fc000000 ---p 00000000 00:00 0 
7f88fc000000-7f88fc021000 rw-p 00000000 00:00 0 
7f88fc021000-7f8900000000 ---p 00000000 00:00 0 
7f8900000000-7f8900021000 rw-p 00000000 00:00 0 
7f8900021000-7f8904000000 ---p 00000000 00:00 0 
7f8904000000-7f89042b3000 rw-p 00000000 00:00 0 
7f89042b3000-7f8908000000 ---p 00000000 00:00 0 
7f8908000000-7f8908021000 rw-p 00000000 00:00 0 
7f8908021000-7f890c000000 ---p 00000000 00:00 0 
7f890c000000-7f890c021000 rw-p 00000000 00:00 0 
7f890c021000-7f8910000000 ---p 00000000 00:00 0 
7f8913ff8000-7f89147f8000 rw-p 00000000 00:00 0 
7f8914f11000-7f8914f91000 rw-p 00000000 00:00 0 
7f8914f91000-7f8915114000 ---p 00000000 00:00 0 
7f8915114000-7f8915412000 rw-p 00000000 00:00 0 
7f8915412000-7f8915612000 rw-p 00000000 00:00 0 
7f8915634000-7f891564f000 r--s 001d4000 08:01 543852                     /usr/lib/jvm/java-8-oracle/jre/lib/ext/nashorn.jar
7f8915701000-7f8915714000 r--s 00345000 08:01 280445                     /usr/lib/jvm/java-8-oracle/jre/lib/resources.jar
7f8915714000-7f891572b000 r--s 00181000 08:01 158615                     /home/jackie/.m2/repository/org/projectlombok/lombok/1.18.2/lombok-1.18.2.jar
7f891572b000-7f8915734000 r--s 0006f000 08:01 134826                     /home/jackie/.m2/repository/log4j/log4j/1.2.17/log4j-1.2.17.jar
7f8915734000-7f8915736000 r--s 00001000 08:01 545559                     /home/jackie/.m2/repository/org/slf4j/slf4j-log4j12/1.7.7/slf4j-log4j12-1.7.7.jar
7f8915736000-7f8915737000 r--s 0000c000 08:01 411468                     /home/jackie/.m2/repository/commons-cli/commons-cli/1.3.1/commons-cli-1.3.1.jar
7f8915737000-7f8915771000 r--s 00264000 08:01 932266                     /home/jackie/.m2/repository/org/apache/flink/flink-optimizer_2.10/1.3.2/flink-optimizer_2.10-1.3.2.jar
7f8915771000-7f8915774000 r--s 00014000 08:01 932264                     /home/jackie/.m2/repository/org/apache/flink/flink-clients_2.10/1.3.2/flink-clients_2.10-1.3.2.jar
7f8915774000-7f8915776000 r--s 0000a000 08:01 819346                     /home/jackie/.m2/repository/org/apache/sling/org.apache.sling.commons.json/2.0.6/org.apache.sling.commons.json-2.0.6.jar
7f8915776000-7f8915778000 r--s 0000b000 08:01 932262                     /home/jackie/.m2/repository/com/twitter/chill-java/0.7.4/chill-java-0.7.4.jar
7f8915778000-7f891577d000 r--s 00032000 08:01 932260                     /home/jackie/.m2/repository/com/twitter/chill_2.10/0.7.4/chill_2.10-0.7.4.jar
7f891577d000-7f891577f000 r--s 00014000 08:01 932258                     /home/jackie/.m2/repository/jline/jline/0.9.94/jline-0.9.94.jar
7f891577f000-7f891578b000 r--s 000b6000 08:01 674584                     /home/jackie/.m2/repository/org/apache/zookeeper/zookeeper/3.4.6/zookeeper-3.4.6.jar
7f891578b000-7f891578e000 r--s 0000a000 08:01 932256                     /home/jackie/.m2/repository/com/fasterxml/jackson/core/jackson-annotations/2.7.0/jackson-annotations-2.7.0.jar
7f891578e000-7f891579f000 r--s 00115000 08:01 932254                     /home/jackie/.m2/repository/com/fasterxml/jackson/core/jackson-databind/2.7.4/jackson-databind-2.7.4.jar
7f891579f000-7f89157a2000 r--s 0003b000 08:01 932252                     /home/jackie/.m2/repository/com/fasterxml/jackson/core/jackson-core/2.7.4/jackson-core-2.7.4.jar
7f89157a2000-7f89157a5000 r--s 00020000 08:01 932250                     /home/jackie/.m2/repository/com/github/scopt/scopt_2.10/3.5.0/scopt_2.10-3.5.0.jar
7f89157a5000-7f89157a6000 r--s 00001000 08:01 932248                     /home/jackie/.m2/repository/org/clapper/grizzled-slf4j_2.10/1.0.2/grizzled-slf4j_2.10-1.0.2.jar
7f89157a6000-7f89157a7000 r--s 00003000 08:01 932246                     /home/jackie/.m2/repository/com/data-artisans/flakka-slf4j_2.10/2.3-custom/flakka-slf4j_2.10-2.3-custom.jar
7f89157a7000-7f89157a9000 r--s 0000a000 08:01 932244                     /home/jackie/.m2/repository/org/uncommons/maths/uncommons-maths/1.2.2a/uncommons-maths-1.2.2a.jar
7f89157a9000-7f89157b1000 r--s 0007b000 08:01 545423                     /home/jackie/.m2/repository/com/google/protobuf/protobuf-java/2.5.0/protobuf-java-2.5.0.jar
7f89157b1000-7f89157c9000 r--s 00115000 08:01 932242                     /home/jackie/.m2/repository/io/netty/netty/3.8.0.Final/netty-3.8.0.Final.jar
7f89157c9000-7f89157df000 r--s 0013b000 08:01 932240                     /home/jackie/.m2/repository/com/data-artisans/flakka-remote_2.10/2.3-custom/flakka-remote_2.10-2.3-custom.jar
7f89157df000-7f89157e3000 r--s 00032000 08:01 932238                     /home/jackie/.m2/repository/com/typesafe/config/1.2.1/config-1.2.1.jar
7f89157e3000-7f891580b000 r--s 00289000 08:01 932236                     /home/jackie/.m2/repository/com/data-artisans/flakka-actor_2.10/2.3-custom/flakka-actor_2.10-2.3-custom.jar
7f891580b000-7f891587d000 r--s 0065a000 08:01 932234                     /home/jackie/.m2/repository/org/scala-lang/scala-library/2.10.4/scala-library-2.10.4.jar
7f891587d000-7f8915887000 r--s 000a5000 08:01 932232                     /home/jackie/.m2/repository/org/javassist/javassist/3.18.2-GA/javassist-3.18.2-GA.jar
7f8915887000-7f89158a7000 r--s 001ba000 08:01 932230                     /home/jackie/.m2/repository/io/netty/netty-all/4.0.27.Final/netty-all-4.0.27.Final.jar
7f89158a7000-7f8915976000 r--s 007ff000 08:01 932228                     /home/jackie/.m2/repository/org/apache/flink/flink-runtime_2.10/1.3.2/flink-runtime_2.10-1.3.2.jar
7f8915976000-7f89159bb000 r--s 002ca000 08:01 932226                     /home/jackie/.m2/repository/org/apache/flink/flink-streaming-java_2.10/1.3.2/flink-streaming-java_2.10-1.3.2.jar
7f89159bb000-7f89159bc000 r--s 00001000 08:01 674582                     /home/jackie/.m2/repository/org/apache/flink/force-shading/1.3.2/force-shading-1.3.2.jar
7f89159bc000-7f89159bf000 r--s 00006000 08:01 674580                     /home/jackie/.m2/repository/com/google/code/findbugs/jsr305/1.3.9/jsr305-1.3.9.jar
7f89159bf000-7f89159c1000 r--s 00006000 08:01 674578                     /home/jackie/.m2/repository/org/slf4j/slf4j-api/1.7.7/slf4j-api-1.7.7.jar
7f89159c1000-7f89159e5000 r--s 001ce000 08:01 819343                     /home/jackie/.m2/repository/org/apache/commons/commons-math3/3.5/commons-math3-3.5.jar
7f89159e5000-7f89159ec000 r--s 0005e000 08:01 674576                     /home/jackie/.m2/repository/org/apache/commons/commons-lang3/3.3.2/commons-lang3-3.3.2.jar
7f89159ec000-7f89159ee000 r--s 0000e000 08:01 932224                     /home/jackie/.m2/repository/javax/activation/activation/1.1/activation-1.1.jar
7f89159ee000-7f89159f0000 r--s 00004000 08:01 932222                     /home/jackie/.m2/repository/javax/xml/stream/stax-api/1.0-2/stax-api-1.0-2.jar
7f89159f0000-7f89159f3000 r--s 00017000 08:01 932220                     /home/jackie/.m2/repository/javax/xml/bind/jaxb-api/2.2.2/jaxb-api-2.2.2.jar
7f89159f3000-7f89159f4000 r--s 00005000 08:01 932218                     /home/jackie/.m2/repository/commons-daemon/commons-daemon/1.0.13/commons-daemon-1.0.13.jar
7f89159f4000-7f89159f6000 r--s 00005000 08:01 932216                     /home/jackie/.m2/repository/commons-beanutils/commons-beanutils-bean-collections/1.8.3/commons-beanutils-bean-collections-1.8.3.jar
7f89159f6000-7f89159f9000 r--s 0002b000 08:01 932214                     /home/jackie/.m2/repository/com/jcraft/jsch/0.1.42/jsch-0.1.42.jar
7f89159f9000-7f8915a06000 r--s 00097000 08:01 411462                     /home/jackie/.m2/repository/org/codehaus/jackson/jackson-mapper-asl/1.8.8/jackson-mapper-asl-1.8.8.jar
7f8915a06000-7f8915a0a000 r--s 00034000 08:01 282481                     /home/jackie/.m2/repository/org/codehaus/jackson/jackson-core-asl/1.8.8/jackson-core-asl-1.8.8.jar
7f8915a0a000-7f8915a0e000 r--s 00020000 08:01 932212                     /home/jackie/.m2/repository/commons-digester/commons-digester/1.8.1/commons-digester-1.8.1.jar
7f8915a0e000-7f8915a15000 r--s 0004f000 08:01 932210                     /home/jackie/.m2/repository/commons-configuration/commons-configuration/1.7/commons-configuration-1.7.jar
7f8915a15000-7f8915a1a000 r--s 00041000 08:01 932208                     /home/jackie/.m2/repository/commons-lang/commons-lang/2.6/commons-lang-2.6.jar
7f8915a1a000-7f8915a1b000 r--s 00004000 08:01 819341                     /home/jackie/.m2/repository/com/jamesmurty/utils/java-xmlbuilder/0.4/java-xmlbuilder-0.4.jar
7f8915a1b000-7f8915a1d000 r--s 0000e000 08:01 545421                     /home/jackie/.m2/repository/commons-logging/commons-logging/1.1.3/commons-logging-1.1.3.jar
7f8915a1d000-7f8915a20000 r--s 00019000 08:01 932206                     /home/jackie/.m2/repository/commons-el/commons-el/1.0/commons-el-1.0.jar
7f8915a20000-7f8915a2a000 r--s 00066000 08:01 932204                     /home/jackie/.m2/repository/com/sun/jersey/jersey-core/1.9/jersey-core-1.9.jar
7f8915a2a000-7f8915a2e000 r--s 00028000 08:01 819339                     /home/jackie/.m2/repository/org/mortbay/jetty/jetty-util/6.1.26/jetty-util-6.1.26.jar
7f8915a2e000-7f8915a30000 r--s 00018000 08:01 819337                     /home/jackie/.m2/repository/javax/servlet/servlet-api/2.5/servlet-api-2.5.jar
7f8915a30000-7f8915a35000 r--s 0003e000 08:01 819335                     /home/jackie/.m2/repository/commons-net/commons-net/3.1/commons-net-3.1.jar
7f8915a35000-7f8915a39000 r--s 0002a000 08:01 819333                     /home/jackie/.m2/repository/commons-io/commons-io/2.4/commons-io-2.4.jar
7f8915a39000-7f8915a3b000 r--s 0000d000 08:01 545419                     /home/jackie/.m2/repository/commons-codec/commons-codec/1.4/commons-codec-1.4.jar
7f8915a3b000-7f8915a3c000 r--s 00003000 08:01 545417                     /home/jackie/.m2/repository/xmlenc/xmlenc/0.52/xmlenc-0.52.jar
7f8915a3c000-7f8915a40000 r--s 00014000 08:01 674574                     /home/jackie/.m2/repository/org/tukaani/xz/1.0/xz-1.0.jar
7f8915a40000-7f8915b46000 r--s 00f2d000 08:01 819331                     /home/jackie/.m2/repository/org/apache/flink/flink-shaded-hadoop2/1.3.2/flink-shaded-hadoop2-1.3.2.jar
7f8915b46000-7f8915b48000 r--s 00130000 08:01 819329                     /home/jackie/.m2/repository/org/xerial/snappy/snappy-java/1.0.5/snappy-java-1.0.5.jar
7f8915b48000-7f8915b4a000 r--s 00006000 08:01 819327                     /home/jackie/.m2/repository/com/thoughtworks/paranamer/paranamer/2.3/paranamer-2.3.jar
7f8915b4a000-7f8915b53000 r--s 00062000 08:01 819325                     /home/jackie/.m2/repository/org/apache/avro/avro/1.7.7/avro-1.7.7.jar
7f8915b53000-7f8915b58000 r--s 00036000 08:01 674572                     /home/jackie/.m2/repository/org/apache/commons/commons-compress/1.4.1/commons-compress-1.4.1.jar
7f8915b58000-7f8915b65000 r--s 00083000 08:01 545415                     /home/jackie/.m2/repository/commons-collections/commons-collections/3.2.2/commons-collections-3.2.2.jar
7f8915b65000-7f8915b67000 r--s 00009000 08:01 674570                     /home/jackie/.m2/repository/org/objenesis/objenesis/2.1/objenesis-2.1.jar
7f8915b67000-7f8915b69000 r--s 00000000 08:01 674568                     /home/jackie/.m2/repository/com/esotericsoftware/minlog/minlog/1.2/minlog-1.2.jar
7f8915b69000-7f8915b6f000 r--s 0004d000 08:01 674566                     /home/jackie/.m2/repository/com/esotericsoftware/kryo/kryo/2.24.0/kryo-2.24.0.jar
7f8915b6f000-7f8915b70000 r--s 00003000 08:01 674564                     /home/jackie/.m2/repository/org/apache/flink/flink-metrics-core/1.3.2/flink-metrics-core-1.3.2.jar
7f8915b70000-7f8915b71000 r--s 00001000 08:01 674562                     /home/jackie/.m2/repository/org/apache/flink/flink-annotations/1.3.2/flink-annotations-1.3.2.jar
7f8915b71000-7f8915b8a000 r--s 0013d000 08:01 674560                     /home/jackie/.m2/repository/org/apache/flink/flink-core/1.3.2/flink-core-1.3.2.jar
7f8915b8a000-7f8915b99000 r--s 000ad000 08:01 411460                     /home/jackie/.m2/repository/org/apache/flink/flink-java/1.3.2/flink-java-1.3.2.jar
7f8915b99000-7f8915b9c000 r--s 0001a000 08:01 280523                     /usr/lib/jvm/java-8-oracle/jre/lib/jce.jar
7f8915b9c000-7f8915d9c000 rw-p 00000000 00:00 0 
7f8915d9c000-7f8915d9f000 r--s 0001b000 08:01 1210736                    /home/jackie/.m2/repository/junit/junit/3.8.2/junit-3.8.2.jar
7f8915d9f000-7f8915dad000 r--s 0008f000 08:01 545329                     /home/jackie/.m2/repository/com/google/collections/google-collections/1.0/google-collections-1.0.jar
7f8915dad000-7f8915dae000 r--s 0000a000 08:01 545327                     /home/jackie/.m2/repository/commons-logging/commons-logging-api/1.1/commons-logging-api-1.1.jar
7f8915dae000-7f8915db5000 r--s 00051000 08:01 134835                     /home/jackie/.m2/repository/log4j/log4j/1.2.12/log4j-1.2.12.jar
7f8915db5000-7f8915db9000 r--s 0001d000 08:01 282435                     /home/jackie/.m2/repository/org/apache/xbean/xbean-reflect/3.4/xbean-reflect-3.4.jar
7f8915db9000-7f8915dba000 r--s 00004000 08:01 545321                     /home/jackie/.m2/repository/org/codehaus/plexus/plexus-compiler-javac/2.2/plexus-compiler-javac-2.2.jar
7f8915dba000-7f8915dbc000 r--s 00000000 08:01 545319                     /home/jackie/.m2/repository/org/codehaus/plexus/plexus-compiler-manager/2.2/plexus-compiler-manager-2.2.jar
7f8915dbc000-7f8915dbe000 r--s 00005000 08:01 545317                     /home/jackie/.m2/repository/org/codehaus/plexus/plexus-compiler-api/2.2/plexus-compiler-api-2.2.jar
7f8915dbe000-7f8915dc0000 r--s 00002000 08:01 545313                     /home/jackie/.m2/repository/org/apache/maven/shared/maven-shared-incremental/1.1/maven-shared-incremental-1.1.jar
7f8915dc0000-7f8915dc2000 r--s 00006000 08:01 545311                     /home/jackie/.m2/repository/com/google/code/findbugs/jsr305/2.0.1/jsr305-2.0.1.jar
7f8915dc2000-7f8915dc5000 r--s 00023000 08:01 411401                     /home/jackie/.m2/repository/org/apache/maven/shared/maven-shared-utils/0.1/maven-shared-utils-0.1.jar
7f8915dc5000-7f8915dc9000 r--s 00030000 08:01 282415                     /home/jackie/.m2/repository/org/codehaus/plexus/plexus-utils/1.5.1/plexus-utils-1.5.1.jar
7f8915dc9000-7f8915dcb000 r--s 00000000 08:01 545315                     /home/jackie/.m2/repository/org/codehaus/plexus/plexus-component-annotations/1.5.5/plexus-component-annotations-1.5.5.jar
7f8915dcb000-7f8915dce000 r--s 00025000 08:01 814956                     /home/jackie/.m2/repository/org/eclipse/tycho/org.eclipse.jdt.compiler.apt/1.1.0.v20140509-1235/org.eclipse.jdt.compiler.apt-1.1.0.v20140509-1235.jar
7f8915dce000-7f8915dfc000 r--s 00521000 08:01 814954                     /home/jackie/.m2/repository/org/eclipse/tycho/org.eclipse.jdt.core/3.10.0.v20140604-1726/org.eclipse.jdt.core-3.10.0.v20140604-1726.jar
7f8915dfc000-7f8915dfd000 r--s 00003000 08:01 814952                     /home/jackie/.m2/repository/org/eclipse/tycho/tycho-compiler-jdt/0.21.0/tycho-compiler-jdt-0.21.0.jar
7f8915dfd000-7f8915ffd000 rw-p 00000000 00:00 0 
7f8915ffd000-7f891600e000 r-xp 00000000 08:01 280510                     /usr/lib/jvm/java-8-oracle/jre/lib/amd64/libnio.so
7f891600e000-7f891620d000 ---p 00011000 08:01 280510                     /usr/lib/jvm/java-8-oracle/jre/lib/amd64/libnio.so
7f891620d000-7f891620e000 rw-p 00010000 08:01 280510                     /usr/lib/jvm/java-8-oracle/jre/lib/amd64/libnio.so
7f891620e000-7f8916224000 r-xp 00000000 08:01 280507                     /usr/lib/jvm/java-8-oracle/jre/lib/amd64/libnet.so
7f8916224000-7f8916424000 ---p 00016000 08:01 280507                     /usr/lib/jvm/java-8-oracle/jre/lib/amd64/libnet.so
7f8916424000-7f8916425000 rw-p 00016000 08:01 280507                     /usr/lib/jvm/java-8-oracle/jre/lib/amd64/libnet.so
7f8916425000-7f8916625000 rw-p 00000000 00:00 0 
7f8916625000-7f8916825000 rw-p 00000000 00:00 0 
7f8916825000-7f8916a25000 rw-p 00000000 00:00 0 
7f8916a25000-7f8916a26000 ---p 00000000 00:00 0 
7f8916a26000-7f8916b26000 rw-p 00000000 00:00 0 
7f8916b26000-7f8916b29000 ---p 00000000 00:00 0 
7f8916b29000-7f8916c27000 rw-p 00000000 00:00 0 
7f8916c27000-7f8916c28000 ---p 00000000 00:00 0 
7f8916c28000-7f8916c2b000 ---p 00000000 00:00 0 
7f8916c2b000-7f8916d28000 rw-p 00000000 00:00 0 
7f8916d28000-7f8916d29000 ---p 00000000 00:00 0 
7f8916d29000-7f8916d2c000 ---p 00000000 00:00 0 
7f8916d2c000-7f8916e29000 rw-p 00000000 00:00 0 
7f8916e29000-7f8916e2c000 ---p 00000000 00:00 0 
7f8916e2c000-7f8916f2a000 rw-p 00000000 00:00 0 
7f8916f2a000-7f89178f9000 r--p 00000000 08:01 1186409                    /usr/lib/locale/locale-archive
7f89178f9000-7f89178fc000 ---p 00000000 00:00 0 
7f89178fc000-7f89179fa000 rw-p 00000000 00:00 0 
7f89179fa000-7f89179fd000 ---p 00000000 00:00 0 
7f89179fd000-7f8917afb000 rw-p 00000000 00:00 0 
7f8917afb000-7f8917afc000 ---p 00000000 00:00 0 
7f8917afc000-7f8918000000 rw-p 00000000 00:00 0 
7f8918000000-7f8918021000 rw-p 00000000 00:00 0 
7f8918021000-7f891c000000 ---p 00000000 00:00 0 
7f891c000000-7f891c002000 r--s 00009000 08:01 282233                     /home/jackie/.m2/repository/org/apache/maven/plugins/maven-compiler-plugin/3.1/maven-compiler-plugin-3.1.jar
7f891c002000-7f891c004000 r--s 0000d000 08:01 674377                     /home/jackie/.m2/repository/org/codehaus/plexus/plexus-interpolation/1.13/plexus-interpolation-1.13.jar
7f891c004000-7f891c005000 r--s 00001000 08:01 674375                     /home/jackie/.m2/repository/org/sonatype/plexus/plexus-build-api/0.0.4/plexus-build-api-0.0.4.jar
7f891c005000-7f891c007000 r--s 00009000 08:01 545363                     /home/jackie/.m2/repository/org/apache/maven/shared/maven-filtering/1.1/maven-filtering-1.1.jar
7f891c007000-7f891c00b000 r--s 00033000 08:01 545361                     /home/jackie/.m2/repository/org/codehaus/plexus/plexus-utils/2.0.5/plexus-utils-2.0.5.jar
7f891c00b000-7f891c00e000 r--s 0001b000 08:01 1210739                    /home/jackie/.m2/repository/junit/junit/3.8.1/junit-3.8.1.jar
7f891c00e000-7f891c010000 r--s 00002000 08:01 411424                     /home/jackie/.m2/repository/org/codehaus/plexus/plexus-interactivity-api/1.0-alpha-4/plexus-interactivity-api-1.0-alpha-4.jar
7f891c010000-7f891c012000 r--s 00006000 08:01 411420                     /home/jackie/.m2/repository/commons-cli/commons-cli/1.0/commons-cli-1.0.jar
7f891c012000-7f891c013000 r--s 00001000 08:01 411416                     /home/jackie/.m2/repository/org/apache/maven/doxia/doxia-sink-api/1.0-alpha-7/doxia-sink-api-1.0-alpha-7.jar
7f891c013000-7f891c014000 r--s 00002000 08:01 411414                     /home/jackie/.m2/repository/org/apache/maven/reporting/maven-reporting-api/2.0.6/maven-reporting-api-2.0.6.jar
7f891c014000-7f891c016000 r--s 00006000 08:01 282227                     /home/jackie/.m2/repository/org/apache/maven/plugins/maven-resources-plugin/2.6/maven-resources-plugin-2.6.jar
7f891c016000-7f891c01a000 r--s 00034000 08:01 674716                     /home/jackie/.m2/repository/org/codehaus/plexus/plexus-utils/3.0/plexus-utils-3.0.jar
7f891c01a000-7f891c01c000 r--s 00005000 08:01 1210716                    /home/jackie/.m2/repository/org/apache/maven/plugins/maven-clean-plugin/2.5/maven-clean-plugin-2.5.jar
7f891c01c000-7f891c021000 r--s 0009d000 08:01 280446                     /usr/lib/jvm/java-8-oracle/jre/lib/jsse.jar
7f891c021000-7f891c022000 r--s 00004000 08:01 410143                     /usr/share/java/maven3-slf4j-provider.jar
7f891c022000-7f891c04e000 r--s 00208000 08:01 410044                     /usr/share/java/guava.jar
7f891c04e000-7f891c052000 r--s 00023000 08:01 410094                     /usr/share/java/maven-shared-utils.jar
7f891c052000-7f891c055000 r--s 00027000 08:01 410137                     /usr/share/java/maven3-model.jar
7f891c055000-7f891c056000 r--s 00001000 08:01 410170                     /usr/share/java/wagon-file.jar
7f891c056000-7f891c057000 r--s 00002000 08:01 410040                     /usr/share/java/geronimo-annotation-1.3-spec.jar
7f891c057000-7f891c05a000 r--s 00011000 08:01 410103                     /usr/share/java/plexus-interpolation.jar
7f891c05a000-7f891c05c000 r--s 0000a000 08:01 410138                     /usr/share/java/maven3-plugin-api.jar
7f891c05c000-7f891c05e000 r--s 00003000 08:01 410107                     /usr/share/java/jcl-over-slf4j.jar
7f891c05e000-7f891c065000 r--s 00054000 08:01 410127                     /usr/share/java/sisu-inject.jar
7f891c065000-7f891c06b000 r--s 0002d000 08:01 410129                     /usr/share/java/sisu-plexus.jar
7f891c06b000-7f891c06d000 r--s 00007000 08:01 410070                     /usr/share/java/jansi.jar
7f891c06d000-7f891c06e000 r--s 00000000 08:01 396949                     /usr/share/java/atinject-jsr330-api-1.0.jar
7f891c06e000-7f891c070000 r--s 00005000 08:01 410083                     /usr/share/java/maven-resolver-transport-wagon.jar
7f891c070000-7f891c071000 r--s 00001000 08:01 410030                     /usr/share/java/geronimo-interceptor-3.0-spec.jar
7f891c071000-7f891c072000 r--s 00000000 08:01 396949                     /usr/share/java/atinject-jsr330-api-1.0.jar
7f891c072000-7f891c075000 r--s 0000e000 08:01 410032                     /usr/share/java/cdi-api.jar
7f891c075000-7f891c076000 r--s 00002000 08:01 410132                     /usr/share/java/maven3-builder-support.jar
7f891c076000-7f891c077000 r--s 0000a000 08:01 410142                     /usr/share/java/maven3-settings.jar
7f891c077000-7f891c079000 r--s 0000b000 08:01 410074                     /usr/share/java/wagon-provider-api.jar
7f891c079000-7f891c07e000 r--s 00026000 08:01 410136                     /usr/share/java/maven3-model-builder.jar
7f891c07e000-7f891c0ab000 r--s 001ce000 08:01 410172                     /usr/share/java/wagon-http-shaded-3.0.0.jar
7f891c0ab000-7f891c0ad000 r--s 00008000 08:01 410077                     /usr/share/java/maven-resolver-connector-basic.jar
7f891c0ad000-7f891c0af000 r--s 00009000 08:01 410110                     /usr/share/java/slf4j-api.jar
7f891c0af000-7f891c0b1000 r--s 0000a000 08:01 410034                     /usr/share/java/commons-cli.jar
7f891c0b1000-7f891c0b4000 r--s 0000a000 08:01 410131                     /usr/share/java/maven3-artifact.jar
7f891c0b4000-7f891c0b9000 r--s 00030000 08:01 410036                     /usr/share/java/commons-io.jar
7f891c0b9000-7f891c0bd000 r--s 00028000 08:01 410078                     /usr/share/java/maven-resolver-impl.jar
7f891c0bd000-7f891c0c1000 r--s 0001f000 08:01 410076                     /usr/share/java/maven-resolver-api.jar
7f891c0c1000-7f891c0c5000 r--s 00022000 08:01 410084                     /usr/share/java/maven-resolver-util.jar
7f891c0c5000-7f891c0c6000 r--s 00006000 08:01 410139                     /usr/share/java/maven3-repository-metadata.jar
7f891c0c6000-7f891c0c9000 r--s 00015000 08:01 410135                     /usr/share/java/maven3-embedder.jar
7f891c0c9000-7f891c0d7000 r--s 0009a000 08:01 410056                     /usr/share/java/guice.jar
7f891c0d7000-7f891c61e000 rw-p 00000000 00:00 0 
7f891c61e000-7f891c7f8000 r--s 03d6b000 08:01 280413                     /usr/lib/jvm/java-8-oracle/jre/lib/rt.jar
7f891c7f8000-7f89208a6000 rw-p 00000000 00:00 0 
7f89208a6000-7f89208a7000 ---p 00000000 00:00 0 
7f89208a7000-7f89209c7000 rw-p 00000000 00:00 0 
7f89209c7000-7f8920c31000 ---p 00000000 00:00 0 
7f8920c31000-7f8920c51000 rw-p 00000000 00:00 0 
7f8920c51000-7f8920eba000 ---p 00000000 00:00 0 
7f8920eba000-7f8920f04000 rw-p 00000000 00:00 0 
7f8920f04000-7f8920fff000 ---p 00000000 00:00 0 
7f8920fff000-7f8921000000 rw-p 00000000 00:00 0 
7f8921000000-7f8921b70000 rwxp 00000000 00:00 0 
7f8921b70000-7f8930000000 ---p 00000000 00:00 0 
7f8930000000-7f89310e4000 rw-p 00000000 00:00 0 
7f89310e4000-7f8934000000 ---p 00000000 00:00 0 
7f8934000000-7f8934001000 r--s 00003000 08:01 410096                     /usr/share/java/plexus-cipher.jar
7f8934001000-7f8934009000 r--s 0006d000 08:01 410038                     /usr/share/java/commons-lang3.jar
7f8934009000-7f89340ce000 rw-p 00000000 00:00 0 
7f89340ce000-7f89340cf000 ---p 00000000 00:00 0 
7f89340cf000-7f89341fd000 rw-p 00000000 00:00 0 
7f89341fd000-7f893458f000 ---p 00000000 00:00 0 
7f893458f000-7f89345aa000 r-xp 00000000 08:01 280503                     /usr/lib/jvm/java-8-oracle/jre/lib/amd64/libzip.so
7f89345aa000-7f89347aa000 ---p 0001b000 08:01 280503                     /usr/lib/jvm/java-8-oracle/jre/lib/amd64/libzip.so
7f89347aa000-7f89347ab000 rw-p 0001b000 08:01 280503                     /usr/lib/jvm/java-8-oracle/jre/lib/amd64/libzip.so
7f89347ab000-7f89347b6000 r-xp 00000000 08:01 268310                     /lib/x86_64-linux-gnu/libnss_files-2.27.so
7f89347b6000-7f89349b5000 ---p 0000b000 08:01 268310                     /lib/x86_64-linux-gnu/libnss_files-2.27.so
7f89349b5000-7f89349b6000 r--p 0000a000 08:01 268310                     /lib/x86_64-linux-gnu/libnss_files-2.27.so
7f89349b6000-7f89349b7000 rw-p 0000b000 08:01 268310                     /lib/x86_64-linux-gnu/libnss_files-2.27.so
7f89349b7000-7f89349bd000 rw-p 00000000 00:00 0 
7f89349bd000-7f89349d4000 r-xp 00000000 08:01 268304                     /lib/x86_64-linux-gnu/libnsl-2.27.so
7f89349d4000-7f8934bd3000 ---p 00017000 08:01 268304                     /lib/x86_64-linux-gnu/libnsl-2.27.so
7f8934bd3000-7f8934bd4000 r--p 00016000 08:01 268304                     /lib/x86_64-linux-gnu/libnsl-2.27.so
7f8934bd4000-7f8934bd5000 rw-p 00017000 08:01 268304                     /lib/x86_64-linux-gnu/libnsl-2.27.so
7f8934bd5000-7f8934bd7000 rw-p 00000000 00:00 0 
7f8934bd7000-7f8934be2000 r-xp 00000000 08:01 268321                     /lib/x86_64-linux-gnu/libnss_nis-2.27.so
7f8934be2000-7f8934de1000 ---p 0000b000 08:01 268321                     /lib/x86_64-linux-gnu/libnss_nis-2.27.so
7f8934de1000-7f8934de2000 r--p 0000a000 08:01 268321                     /lib/x86_64-linux-gnu/libnss_nis-2.27.so
7f8934de2000-7f8934de3000 rw-p 0000b000 08:01 268321                     /lib/x86_64-linux-gnu/libnss_nis-2.27.so
7f8934de3000-7f8934deb000 r-xp 00000000 08:01 268306                     /lib/x86_64-linux-gnu/libnss_compat-2.27.so
7f8934deb000-7f8934feb000 ---p 00008000 08:01 268306                     /lib/x86_64-linux-gnu/libnss_compat-2.27.so
7f8934feb000-7f8934fec000 r--p 00008000 08:01 268306                     /lib/x86_64-linux-gnu/libnss_compat-2.27.so
7f8934fec000-7f8934fed000 rw-p 00009000 08:01 268306                     /lib/x86_64-linux-gnu/libnss_compat-2.27.so
7f8934fed000-7f8935018000 r-xp 00000000 08:01 280497                     /usr/lib/jvm/java-8-oracle/jre/lib/amd64/libjava.so
7f8935018000-7f8935217000 ---p 0002b000 08:01 280497                     /usr/lib/jvm/java-8-oracle/jre/lib/amd64/libjava.so
7f8935217000-7f8935219000 rw-p 0002a000 08:01 280497                     /usr/lib/jvm/java-8-oracle/jre/lib/amd64/libjava.so
7f8935219000-7f8935226000 r-xp 00000000 08:01 280502                     /usr/lib/jvm/java-8-oracle/jre/lib/amd64/libverify.so
7f8935226000-7f8935426000 ---p 0000d000 08:01 280502                     /usr/lib/jvm/java-8-oracle/jre/lib/amd64/libverify.so
7f8935426000-7f8935428000 rw-p 0000d000 08:01 280502                     /usr/lib/jvm/java-8-oracle/jre/lib/amd64/libverify.so
7f8935428000-7f893542f000 r-xp 00000000 08:01 268361                     /lib/x86_64-linux-gnu/librt-2.27.so
7f893542f000-7f893562e000 ---p 00007000 08:01 268361                     /lib/x86_64-linux-gnu/librt-2.27.so
7f893562e000-7f893562f000 r--p 00006000 08:01 268361                     /lib/x86_64-linux-gnu/librt-2.27.so
7f893562f000-7f8935630000 rw-p 00007000 08:01 268361                     /lib/x86_64-linux-gnu/librt-2.27.so
7f8935630000-7f89357cd000 r-xp 00000000 08:01 268283                     /lib/x86_64-linux-gnu/libm-2.27.so
7f89357cd000-7f89359cc000 ---p 0019d000 08:01 268283                     /lib/x86_64-linux-gnu/libm-2.27.so
7f89359cc000-7f89359cd000 r--p 0019c000 08:01 268283                     /lib/x86_64-linux-gnu/libm-2.27.so
7f89359cd000-7f89359ce000 rw-p 0019d000 08:01 268283                     /lib/x86_64-linux-gnu/libm-2.27.so
7f89359ce000-7f89366aa000 r-xp 00000000 08:01 280479                     /usr/lib/jvm/java-8-oracle/jre/lib/amd64/server/libjvm.so
7f89366aa000-7f89368aa000 ---p 00cdc000 08:01 280479                     /usr/lib/jvm/java-8-oracle/jre/lib/amd64/server/libjvm.so
7f89368aa000-7f8936984000 rw-p 00cdc000 08:01 280479                     /usr/lib/jvm/java-8-oracle/jre/lib/amd64/server/libjvm.so
7f8936984000-7f89369cf000 rw-p 00000000 00:00 0 
7f89369cf000-7f8936bb6000 r-xp 00000000 08:01 268220                     /lib/x86_64-linux-gnu/libc-2.27.so
7f8936bb6000-7f8936db6000 ---p 001e7000 08:01 268220                     /lib/x86_64-linux-gnu/libc-2.27.so
7f8936db6000-7f8936dba000 r--p 001e7000 08:01 268220                     /lib/x86_64-linux-gnu/libc-2.27.so
7f8936dba000-7f8936dbc000 rw-p 001eb000 08:01 268220                     /lib/x86_64-linux-gnu/libc-2.27.so
7f8936dbc000-7f8936dc0000 rw-p 00000000 00:00 0 
7f8936dc0000-7f8936dc3000 r-xp 00000000 08:01 268243                     /lib/x86_64-linux-gnu/libdl-2.27.so
7f8936dc3000-7f8936fc2000 ---p 00003000 08:01 268243                     /lib/x86_64-linux-gnu/libdl-2.27.so
7f8936fc2000-7f8936fc3000 r--p 00002000 08:01 268243                     /lib/x86_64-linux-gnu/libdl-2.27.so
7f8936fc3000-7f8936fc4000 rw-p 00003000 08:01 268243                     /lib/x86_64-linux-gnu/libdl-2.27.so
7f8936fc4000-7f8936fda000 r-xp 00000000 08:01 1209056                    /usr/lib/jvm/java-8-oracle/lib/amd64/jli/libjli.so
7f8936fda000-7f89371d9000 ---p 00016000 08:01 1209056                    /usr/lib/jvm/java-8-oracle/lib/amd64/jli/libjli.so
7f89371d9000-7f89371da000 rw-p 00015000 08:01 1209056                    /usr/lib/jvm/java-8-oracle/lib/amd64/jli/libjli.so
7f89371da000-7f89371f4000 r-xp 00000000 08:01 268353                     /lib/x86_64-linux-gnu/libpthread-2.27.so
7f89371f4000-7f89373f3000 ---p 0001a000 08:01 268353                     /lib/x86_64-linux-gnu/libpthread-2.27.so
7f89373f3000-7f89373f4000 r--p 00019000 08:01 268353                     /lib/x86_64-linux-gnu/libpthread-2.27.so
7f89373f4000-7f89373f5000 rw-p 0001a000 08:01 268353                     /lib/x86_64-linux-gnu/libpthread-2.27.so
7f89373f5000-7f89373f9000 rw-p 00000000 00:00 0 
7f89373f9000-7f8937420000 r-xp 00000000 08:01 268192                     /lib/x86_64-linux-gnu/ld-2.27.so
7f8937420000-7f8937422000 r--s 00008000 08:01 410141                     /usr/share/java/maven3-settings-builder.jar
7f8937422000-7f8937429000 r--s 00042000 08:01 410133                     /usr/share/java/maven3-compat.jar
7f8937429000-7f893742b000 r--s 00006000 08:01 410105                     /usr/share/java/plexus-sec-dispatcher.jar
7f893742b000-7f893742d000 r--s 0000e000 08:01 410140                     /usr/share/java/maven3-resolver-provider.jar
7f893742d000-7f893742f000 r--s 00001000 08:01 410046                     /usr/share/java/aopalliance-1.0.jar
7f893742f000-7f893743c000 r--s 0008d000 08:01 410134                     /usr/share/java/maven3-core.jar
7f893743c000-7f893743e000 r--s 00006000 08:01 410079                     /usr/share/java/maven-resolver-spi.jar
7f893743e000-7f8937509000 rw-p 00000000 00:00 0 
7f8937509000-7f893750a000 ---p 00000000 00:00 0 
7f893750a000-7f893750d000 ---p 00000000 00:00 0 
7f893750d000-7f893760e000 rw-p 00000000 00:00 0 
7f893760e000-7f8937610000 r--s 00000000 08:01 410100                     /usr/share/java/plexus-component-annotations.jar
7f8937610000-7f8937614000 r--s 0003b000 08:01 410072                     /usr/share/java/plexus-utils2.jar
7f8937614000-7f8937616000 r--s 0000b000 08:01 410098                     /usr/share/java/plexus-classworlds.jar
7f8937616000-7f893761e000 rw-s 00000000 08:01 674789                     /tmp/hsperfdata_jackie/6283
7f893761e000-7f893761f000 rw-p 00000000 00:00 0 
7f893761f000-7f8937620000 ---p 00000000 00:00 0 
7f8937620000-7f8937621000 r--p 00027000 08:01 268192                     /lib/x86_64-linux-gnu/ld-2.27.so
7f8937621000-7f8937622000 rw-p 00028000 08:01 268192                     /lib/x86_64-linux-gnu/ld-2.27.so
7f8937622000-7f8937623000 rw-p 00000000 00:00 0 
7fff20149000-7fff2016b000 rw-p 00000000 00:00 0                          [stack]
7fff201e1000-7fff201e4000 r--p 00000000 00:00 0                          [vvar]
7fff201e4000-7fff201e6000 r-xp 00000000 00:00 0                          [vdso]
ffffffffff600000-ffffffffff601000 r-xp 00000000 00:00 0                  [vsyscall]

VM Arguments:
jvm_args: -Dclassworlds.conf=/usr/share/maven/bin/m2.conf -Dmaven.home=/usr/share/maven -Dlibrary.jansi.path=/usr/share/maven/lib/jansi-native -Dmaven.multiModuleProjectDirectory=/home/jackie/flink-vehicle-telematics/flinkProgram 
java_command: org.codehaus.plexus.classworlds.launcher.Launcher clean install -Pbuild-jar
java_class_path (initial): /usr/share/maven/boot/plexus-classworlds-2.x.jar
Launcher Type: SUN_STANDARD

Environment Variables:
JAVA_HOME=/usr/lib/jvm/java-8-oracle
PATH=/usr/local/sbin:/usr/local/bin:/usr/sbin:/usr/bin:/sbin:/bin:/usr/games:/usr/local/games:/snap/bin:/usr/lib/jvm/java-8-oracle/bin:/usr/lib/jvm/java-8-oracle/db/bin:/usr/lib/jvm/java-8-oracle/jre/bin
USERNAME=jackie
SHELL=/bin/bash
DISPLAY=:0

Signal Handlers:
SIGSEGV: [libjvm.so+0xad2a40], sa_mask[0]=11111111011111111101111111111110, sa_flags=SA_RESTART|SA_SIGINFO
SIGBUS: [libjvm.so+0xad2a40], sa_mask[0]=11111111011111111101111111111110, sa_flags=SA_RESTART|SA_SIGINFO
SIGFPE: [libjvm.so+0x92a610], sa_mask[0]=11111111011111111101111111111110, sa_flags=SA_RESTART|SA_SIGINFO
SIGPIPE: [libjvm.so+0x92a610], sa_mask[0]=11111111011111111101111111111110, sa_flags=SA_RESTART|SA_SIGINFO
SIGXFSZ: [libjvm.so+0x92a610], sa_mask[0]=11111111011111111101111111111110, sa_flags=SA_RESTART|SA_SIGINFO
SIGILL: [libjvm.so+0x92a610], sa_mask[0]=11111111011111111101111111111110, sa_flags=SA_RESTART|SA_SIGINFO
SIGUSR1: SIG_DFL, sa_mask[0]=00000000000000000000000000000000, sa_flags=none
SIGUSR2: [libjvm.so+0x92be70], sa_mask[0]=00000000000000000000000000000000, sa_flags=SA_RESTART|SA_SIGINFO
SIGHUP: [libjvm.so+0x92d270], sa_mask[0]=11111111011111111101111111111110, sa_flags=SA_RESTART|SA_SIGINFO
SIGINT: [libjvm.so+0x92d270], sa_mask[0]=11111111011111111101111111111110, sa_flags=SA_RESTART|SA_SIGINFO
SIGTERM: [libjvm.so+0x92d270], sa_mask[0]=11111111011111111101111111111110, sa_flags=SA_RESTART|SA_SIGINFO
SIGQUIT: [libjvm.so+0x92d270], sa_mask[0]=11111111011111111101111111111110, sa_flags=SA_RESTART|SA_SIGINFO


---------------  S Y S T E M  ---------------

OS:DISTRIB_ID=Ubuntu
DISTRIB_RELEASE=18.04
DISTRIB_CODENAME=bionic
DISTRIB_DESCRIPTION="Ubuntu 18.04.1 LTS"

uname:Linux 4.15.0-38-generic #41-Ubuntu SMP Wed Oct 10 10:59:38 UTC 2018 x86_64
libc:glibc 2.27 NPTL 2.27 
rlimit: STACK 8192k, CORE 0k, NPROC 30910, NOFILE 4096, AS infinity
load average:15,38 8,72 4,13

/proc/meminfo:
MemTotal:        7973752 kB
MemFree:          101128 kB
MemAvailable:          0 kB
Buffers:             276 kB
Cached:            64856 kB
SwapCached:        14276 kB
Active:          6850024 kB
Inactive:         860976 kB
Active(anon):    6846152 kB
Inactive(anon):   855912 kB
Active(file):       3872 kB
Inactive(file):     5064 kB
Unevictable:          32 kB
Mlocked:              32 kB
SwapTotal:        969960 kB
SwapFree:              0 kB
Dirty:               132 kB
Writeback:            84 kB
AnonPages:       7631740 kB
Mapped:            63144 kB
Shmem:             56260 kB
Slab:              61748 kB
SReclaimable:      25028 kB
SUnreclaim:        36720 kB
KernelStack:       10400 kB
PageTables:        51012 kB
NFS_Unstable:          0 kB
Bounce:                0 kB
WritebackTmp:          0 kB
CommitLimit:     4956836 kB
Committed_AS:   13943076 kB
VmallocTotal:   34359738367 kB
VmallocUsed:           0 kB
VmallocChunk:          0 kB
HardwareCorrupted:     0 kB
AnonHugePages:         0 kB
ShmemHugePages:        0 kB
ShmemPmdMapped:        0 kB
CmaTotal:              0 kB
CmaFree:               0 kB
HugePages_Total:       0
HugePages_Free:        0
HugePages_Rsvd:        0
HugePages_Surp:        0
Hugepagesize:       2048 kB
DirectMap4k:      116672 kB
DirectMap2M:     8075264 kB


CPU:total 2 (initial active 2) (2 cores per cpu, 1 threads per core) family 6 model 70 stepping 1, cmov, cx8, fxsr, mmx, sse, sse2, sse3, ssse3, sse4.1, sse4.2, popcnt, avx, avx2, aes, clmul, lzcnt, tsc, tscinvbit

/proc/cpuinfo:
processor	: 0
vendor_id	: GenuineIntel
cpu family	: 6
model		: 70
model name	: Intel(R) Core(TM) i7-4870HQ CPU @ 2.50GHz
stepping	: 1
cpu MHz		: 2494.226
cache size	: 6144 KB
physical id	: 0
siblings	: 2
core id		: 0
cpu cores	: 2
apicid		: 0
initial apicid	: 0
fpu		: yes
fpu_exception	: yes
cpuid level	: 13
wp		: yes
flags		: fpu vme de pse tsc msr pae mce cx8 apic sep mtrr pge mca cmov pat pse36 clflush mmx fxsr sse sse2 ht syscall nx rdtscp lm constant_tsc rep_good nopl xtopology nonstop_tsc cpuid pni pclmulqdq ssse3 cx16 pcid sse4_1 sse4_2 x2apic movbe popcnt aes xsave avx rdrand hypervisor lahf_lm abm invpcid_single pti fsgsbase avx2 invpcid
bugs		: cpu_meltdown spectre_v1 spectre_v2 spec_store_bypass l1tf
bogomips	: 4988.45
clflush size	: 64
cache_alignment	: 64
address sizes	: 39 bits physical, 48 bits virtual
power management:

processor	: 1
vendor_id	: GenuineIntel
cpu family	: 6
model		: 70
model name	: Intel(R) Core(TM) i7-4870HQ CPU @ 2.50GHz
stepping	: 1
cpu MHz		: 2494.226
cache size	: 6144 KB
physical id	: 0
siblings	: 2
core id		: 1
cpu cores	: 2
apicid		: 1
initial apicid	: 1
fpu		: yes
fpu_exception	: yes
cpuid level	: 13
wp		: yes
flags		: fpu vme de pse tsc msr pae mce cx8 apic sep mtrr pge mca cmov pat pse36 clflush mmx fxsr sse sse2 ht syscall nx rdtscp lm constant_tsc rep_good nopl xtopology nonstop_tsc cpuid pni pclmulqdq ssse3 cx16 pcid sse4_1 sse4_2 x2apic movbe popcnt aes xsave avx rdrand hypervisor lahf_lm abm invpcid_single pti fsgsbase avx2 invpcid
bugs		: cpu_meltdown spectre_v1 spectre_v2 spec_store_bypass l1tf
bogomips	: 4988.45
clflush size	: 64
cache_alignment	: 64
address sizes	: 39 bits physical, 48 bits virtual
power management:



Memory: 4k page, physical 7973752k(100256k free), swap 969960k(0k free)

vm_info: Java HotSpot(TM) 64-Bit Server VM (25.181-b13) for linux-amd64 JRE (1.8.0_181-b13), built on Jul  7 2018 00:56:38 by "java_re" with gcc 4.3.0 20080428 (Red Hat 4.3.0-8)

time: Sun Nov  4 19:15:22 2018
elapsed time: 172 seconds (0d 0h 2m 52s)

